<?xml version="1.0" encoding="UTF-8"?>
<testsuite xmlns:xsi="http://www.w3.org/2001/XMLSchema-instance" xsi:noNamespaceSchemaLocation="https://maven.apache.org/surefire/maven-surefire-plugin/xsd/surefire-test-report.xsd" version="3.0.1" name="cucumberRunner.TestRunner" time="24.987" tests="1" errors="0" skipped="0" failures="0">
  <properties>
[...]
</properties>
  <testcase name="Home page Validations" classname="Swag Labs" time="24.73">
    <system-out><![CDATA[User in Landing Page
Swag Labs
value matched
]]></system-out>
  </testcase>
</testsuite>